Assembler report for soc_system
Fri Feb 12 06:18:25 2016
Quartus Prime Version 15.1.1 Build 189 12/02/2015 SJ Standard Edition


---------------------
; Table of Contents ;
---------------------
  1. Legal Notice
  2. Assembler Summary
  3. Assembler Settings
  4. Assembler Encrypted IP Cores Summary
  5. Assembler Generated Files
  6. Assembler Device Options: E:/ALTERA_DATA/01_SoC/02_work/Helio/ghrd/v15.1/helio_ghrd_5csxc6es_v15.1_r2/output_files/soc_system.sof
  7. Assembler Messages



----------------
; Legal Notice ;
----------------
Copyright (C) 1991-2015 Altera Corporation. All rights reserved.
Your use of Altera Corporation's design tools, logic functions 
and other software and tools, and its AMPP partner logic 
functions, and any output files from any of the foregoing 
(including device programming or simulation files), and any 
associated documentation or information are expressly subject 
to the terms and conditions of the Altera Program License 
Subscription Agreement, the Altera Quartus Prime License Agreement,
the Altera MegaCore Function License Agreement, or other 
applicable license agreement, including, without limitation, 
that your use is for the sole purpose of programming logic 
devices manufactured by Altera and sold by Altera or its 
authorized distributors.  Please refer to the applicable 
agreement for further details.



+---------------------------------------------------------------+
; Assembler Summary                                             ;
+-----------------------+---------------------------------------+
; Assembler Status      ; Successful - Fri Feb 12 06:18:25 2016 ;
; Revision Name         ; soc_system                            ;
; Top-level Entity Name ; ghrd_top                              ;
; Family                ; Cyclone V                             ;
; Device                ; 5CSXFC6C6U23C8ES                      ;
+-----------------------+---------------------------------------+


+----------------------------------+
; Assembler Settings               ;
+--------+---------+---------------+
; Option ; Setting ; Default Value ;
+--------+---------+---------------+


+------------------------------------------------+
; Assembler Encrypted IP Cores Summary           ;
+--------+------------------------+--------------+
; Vendor ; IP Core Name           ; License Type ;
+--------+------------------------+--------------+
; Altera ; Signal Tap (6AF7 BCE1) ; Licensed     ;
; Altera ; Signal Tap (6AF7 BCEC) ; Licensed     ;
+--------+------------------------+--------------+


+---------------------------------------------------------------------------------------------------------+
; Assembler Generated Files                                                                               ;
+---------------------------------------------------------------------------------------------------------+
; File Name                                                                                               ;
+---------------------------------------------------------------------------------------------------------+
; E:/ALTERA_DATA/01_SoC/02_work/Helio/ghrd/v15.1/helio_ghrd_5csxc6es_v15.1_r2/output_files/soc_system.sof ;
+---------------------------------------------------------------------------------------------------------+


+-----------------------------------------------------------------------------------------------------------------------------------+
; Assembler Device Options: E:/ALTERA_DATA/01_SoC/02_work/Helio/ghrd/v15.1/helio_ghrd_5csxc6es_v15.1_r2/output_files/soc_system.sof ;
+----------------+------------------------------------------------------------------------------------------------------------------+
; Option         ; Setting                                                                                                          ;
+----------------+------------------------------------------------------------------------------------------------------------------+
; Device         ; 5CSXFC6C6U23C8ES                                                                                                 ;
; JTAG usercode  ; 0x02A33226                                                                                                       ;
; Checksum       ; 0x02A33226                                                                                                       ;
+----------------+------------------------------------------------------------------------------------------------------------------+


+--------------------+
; Assembler Messages ;
+--------------------+
Info: *******************************************************************
Info: Running Quartus Prime Assembler
    Info: Version 15.1.1 Build 189 12/02/2015 SJ Standard Edition
    Info: Processing started: Fri Feb 12 06:18:03 2016
Info: Command: quartus_asm --read_settings_files=off --write_settings_files=off soc_system -c soc_system
Info (115030): Assembler is generating device programming files
Info (11878): Hard Processor Subsystem configuration has not changed and a Preloader software update is not required
Info: Quartus Prime Assembler was successful. 0 errors, 0 warnings
    Info: Peak virtual memory: 974 megabytes
    Info: Processing ended: Fri Feb 12 06:18:26 2016
    Info: Elapsed time: 00:00:23
    Info: Total CPU time (on all processors): 00:00:21


