Flow report for soc_system
Mon Apr 23 21:46:40 2018
Quartus Prime Version 17.0.0 Build 595 04/25/2017 SJ Lite Edition


---------------------
; Table of Contents ;
---------------------
  1. Legal Notice
  2. Flow Summary
  3. Flow Settings
  4. Flow Non-Default Global Settings
  5. Flow Elapsed Time
  6. Flow OS Summary
  7. Flow Log
  8. Flow Messages
  9. Flow Suppressed Messages



----------------
; Legal Notice ;
----------------
Copyright (C) 2017  Intel Corporation. All rights reserved.
Your use of Intel Corporation's design tools, logic functions 
and other software and tools, and its AMPP partner logic 
functions, and any output files from any of the foregoing 
(including device programming or simulation files), and any 
associated documentation or information are expressly subject 
to the terms and conditions of the Intel Program License 
Subscription Agreement, the Intel Quartus Prime License Agreement,
the Intel MegaCore Function License Agreement, or other 
applicable license agreement, including, without limitation, 
that your use is for the sole purpose of programming logic 
devices manufactured by Intel and sold by Intel or its 
authorized distributors.  Please refer to the applicable 
agreement for further details.



+-------------------------------------------------------------------------------+
; Flow Summary                                                                  ;
+---------------------------------+---------------------------------------------+
; Flow Status                     ; Successful - Mon Apr 23 21:46:39 2018       ;
; Quartus Prime Version           ; 17.0.0 Build 595 04/25/2017 SJ Lite Edition ;
; Revision Name                   ; soc_system                                  ;
; Top-level Entity Name           ; ghrd_top                                    ;
; Family                          ; Cyclone V                                   ;
; Device                          ; 5CSXFC6C6U23C8ES                            ;
; Timing Models                   ; Preliminary                                 ;
; Logic utilization (in ALMs)     ; N/A                                         ;
; Total registers                 ; 5074                                        ;
; Total pins                      ; 147                                         ;
; Total virtual pins              ; 0                                           ;
; Total block memory bits         ; 537,344                                     ;
; Total DSP Blocks                ; 0                                           ;
; Total HSSI RX PCSs              ; 0                                           ;
; Total HSSI PMA RX Deserializers ; 0                                           ;
; Total HSSI TX PCSs              ; 0                                           ;
; Total HSSI PMA TX Serializers   ; 0                                           ;
; Total PLLs                      ; 0                                           ;
; Total DLLs                      ; 1                                           ;
+---------------------------------+---------------------------------------------+


+-----------------------------------------+
; Flow Settings                           ;
+-------------------+---------------------+
; Option            ; Setting             ;
+-------------------+---------------------+
; Start date & time ; 04/23/2018 21:39:30 ;
; Main task         ; Compilation         ;
; Revision Name     ; soc_system          ;
+-------------------+---------------------+


+---------------------------------------------------------------------------------------------------------------------------------------------------------------------------------------+
; Flow Non-Default Global Settings                                                                                                                                                      ;
+---------------------------------------+---------------------------------------------------------------------------+---------------+--------------------------------+------------------+
; Assignment Name                       ; Value                                                                     ; Default Value ; Entity Name                    ; Section Id       ;
+---------------------------------------+---------------------------------------------------------------------------+---------------+--------------------------------+------------------+
; COMPILER_SIGNATURE_ID                 ; 137098623015374.152453037007127                                           ; --            ; --                             ; --               ;
; ECO_REGENERATE_REPORT                 ; On                                                                        ; Off           ; --                             ; --               ;
; EDA_OUTPUT_DATA_FORMAT                ; None                                                                      ; --            ; --                             ; eda_simulation   ;
; ENABLE_SIGNALTAP                      ; On                                                                        ; --            ; --                             ; --               ;
; HPS_ISW_FILE                          ; soc_system/synthesis/submodules/sequencer/alt_types.pre.h                 ; --            ; soc_system_hps_0_hps_io_border ; --               ;
; HPS_ISW_FILE                          ; soc_system/synthesis/submodules/sequencer/emif.pre.xml                    ; --            ; soc_system_hps_0_hps_io_border ; --               ;
; HPS_ISW_FILE                          ; soc_system/synthesis/submodules/sequencer/sdram_io.pre.h                  ; --            ; soc_system_hps_0_hps_io_border ; --               ;
; HPS_ISW_FILE                          ; soc_system/synthesis/submodules/sequencer/sequencer.pre.c                 ; --            ; soc_system_hps_0_hps_io_border ; --               ;
; HPS_ISW_FILE                          ; soc_system/synthesis/submodules/sequencer/sequencer.pre.h                 ; --            ; soc_system_hps_0_hps_io_border ; --               ;
; HPS_ISW_FILE                          ; soc_system/synthesis/submodules/sequencer/sequencer_auto.pre.h            ; --            ; soc_system_hps_0_hps_io_border ; --               ;
; HPS_ISW_FILE                          ; soc_system/synthesis/submodules/sequencer/sequencer_auto_ac_init.pre.c    ; --            ; soc_system_hps_0_hps_io_border ; --               ;
; HPS_ISW_FILE                          ; soc_system/synthesis/submodules/sequencer/sequencer_auto_inst_init.pre.c  ; --            ; soc_system_hps_0_hps_io_border ; --               ;
; HPS_ISW_FILE                          ; soc_system/synthesis/submodules/sequencer/sequencer_defines.pre.h         ; --            ; soc_system_hps_0_hps_io_border ; --               ;
; HPS_ISW_FILE                          ; soc_system/synthesis/submodules/sequencer/system.pre.h                    ; --            ; soc_system_hps_0_hps_io_border ; --               ;
; HPS_ISW_FILE                          ; soc_system/synthesis/submodules/sequencer/tclrpt.pre.c                    ; --            ; soc_system_hps_0_hps_io_border ; --               ;
; HPS_ISW_FILE                          ; soc_system/synthesis/submodules/sequencer/tclrpt.pre.h                    ; --            ; soc_system_hps_0_hps_io_border ; --               ;
; HPS_ISW_FILE                          ; soc_system/synthesis/submodules/hps.pre.xml                               ; --            ; soc_system_hps_0_hps_io_border ; --               ;
; HPS_PARTITION                         ; On                                                                        ; --            ; soc_system_hps_0_hps_io_border ; --               ;
; MISC_FILE                             ; soc_system/synthesis/../soc_system.cmp                                    ; --            ; --                             ; --               ;
; MISC_FILE                             ; soc_system/synthesis/../../E                                              ; --            ; --                             ; --               ;
; MISC_FILE                             ; soc_system/synthesis/soc_system_hps_0_hps.svd                             ; --            ; --                             ; --               ;
; MISC_FILE                             ; soc_system/synthesis/../../soc_system.qsys                                ; --            ; --                             ; --               ;
; MISC_FILE                             ; soc_system/synthesis/submodules/sequencer/alt_types.pre.h                 ; --            ; --                             ; --               ;
; MISC_FILE                             ; soc_system/synthesis/submodules/sequencer/emif.pre.xml                    ; --            ; --                             ; --               ;
; MISC_FILE                             ; soc_system/synthesis/submodules/sequencer/sdram_io.pre.h                  ; --            ; --                             ; --               ;
; MISC_FILE                             ; soc_system/synthesis/submodules/sequencer/sequencer.pre.c                 ; --            ; --                             ; --               ;
; MISC_FILE                             ; soc_system/synthesis/submodules/sequencer/sequencer.pre.h                 ; --            ; --                             ; --               ;
; MISC_FILE                             ; soc_system/synthesis/submodules/sequencer/sequencer_auto.pre.h            ; --            ; --                             ; --               ;
; MISC_FILE                             ; soc_system/synthesis/submodules/sequencer/sequencer_auto_ac_init.pre.c    ; --            ; --                             ; --               ;
; MISC_FILE                             ; soc_system/synthesis/submodules/sequencer/sequencer_auto_inst_init.pre.c  ; --            ; --                             ; --               ;
; MISC_FILE                             ; soc_system/synthesis/submodules/sequencer/sequencer_defines.pre.h         ; --            ; --                             ; --               ;
; MISC_FILE                             ; soc_system/synthesis/submodules/sequencer/system.pre.h                    ; --            ; --                             ; --               ;
; MISC_FILE                             ; soc_system/synthesis/submodules/sequencer/tclrpt.pre.c                    ; --            ; --                             ; --               ;
; MISC_FILE                             ; soc_system/synthesis/submodules/sequencer/tclrpt.pre.h                    ; --            ; --                             ; --               ;
; MISC_FILE                             ; soc_system/synthesis/submodules/hps.pre.xml                               ; --            ; --                             ; --               ;
; MISC_FILE                             ; ip/altsource_probe/hps_reset_bb.v                                         ; --            ; --                             ; --               ;
; PARTITION_COLOR                       ; -- (Not supported for targeted family)                                    ; --            ; ghrd_top                       ; Top              ;
; PARTITION_FITTER_PRESERVATION_LEVEL   ; -- (Not supported for targeted family)                                    ; --            ; ghrd_top                       ; Top              ;
; PARTITION_NETLIST_TYPE                ; -- (Not supported for targeted family)                                    ; --            ; ghrd_top                       ; Top              ;
; PROJECT_OUTPUT_DIRECTORY              ; output_files                                                              ; --            ; --                             ; --               ;
; SLD_FILE                              ; soc_system/synthesis/soc_system.regmap                                    ; --            ; --                             ; --               ;
; SLD_FILE                              ; soc_system/synthesis/soc_system.debuginfo                                 ; --            ; --                             ; --               ;
; SLD_FILE                              ; db/cti_tapping_auto_stripped.stp                                          ; --            ; --                             ; --               ;
; SLD_INFO                              ; QSYS_NAME soc_system HAS_SOPCINFO 1 GENERATION_ID 1452044539              ; --            ; --                             ; --               ;
; SLD_NODE_CREATOR_ID                   ; 110                                                                       ; --            ; --                             ; auto_signaltap_0 ;
; SLD_NODE_ENTITY_NAME                  ; sld_signaltap                                                             ; --            ; --                             ; auto_signaltap_0 ;
; SLD_NODE_PARAMETER_ASSIGNMENT         ; SLD_HPS_TRIGGER_OUT_ENABLED=1                                             ; --            ; --                             ; auto_signaltap_0 ;
; SLD_NODE_PARAMETER_ASSIGNMENT         ; SLD_HPS_TRIGGER_IN_ENABLED=1                                              ; --            ; --                             ; auto_signaltap_0 ;
; SLD_NODE_PARAMETER_ASSIGNMENT         ; SLD_RAM_BLOCK_TYPE=AUTO                                                   ; --            ; --                             ; auto_signaltap_0 ;
; SLD_NODE_PARAMETER_ASSIGNMENT         ; SLD_DATA_BITS=10                                                          ; --            ; --                             ; auto_signaltap_0 ;
; SLD_NODE_PARAMETER_ASSIGNMENT         ; SLD_TRIGGER_BITS=10                                                       ; --            ; --                             ; auto_signaltap_0 ;
; SLD_NODE_PARAMETER_ASSIGNMENT         ; SLD_STORAGE_QUALIFIER_BITS=10                                             ; --            ; --                             ; auto_signaltap_0 ;
; SLD_NODE_PARAMETER_ASSIGNMENT         ; SLD_NODE_INFO=805334528                                                   ; --            ; --                             ; auto_signaltap_0 ;
; SLD_NODE_PARAMETER_ASSIGNMENT         ; SLD_POWER_UP_TRIGGER=0                                                    ; --            ; --                             ; auto_signaltap_0 ;
; SLD_NODE_PARAMETER_ASSIGNMENT         ; SLD_INVERSION_MASK=000000000000000000000000000000000000000000000000000000 ; --            ; --                             ; auto_signaltap_0 ;
; SLD_NODE_PARAMETER_ASSIGNMENT         ; SLD_INVERSION_MASK_LENGTH=54                                              ; --            ; --                             ; auto_signaltap_0 ;
; SLD_NODE_PARAMETER_ASSIGNMENT         ; SLD_STORAGE_QUALIFIER_INVERSION_MASK_LENGTH=0                             ; --            ; --                             ; auto_signaltap_0 ;
; SLD_NODE_PARAMETER_ASSIGNMENT         ; SLD_SEGMENT_SIZE=1024                                                     ; --            ; --                             ; auto_signaltap_0 ;
; SLD_NODE_PARAMETER_ASSIGNMENT         ; SLD_ATTRIBUTE_MEM_MODE=OFF                                                ; --            ; --                             ; auto_signaltap_0 ;
; SLD_NODE_PARAMETER_ASSIGNMENT         ; SLD_STATE_FLOW_USE_GENERATED=0                                            ; --            ; --                             ; auto_signaltap_0 ;
; SLD_NODE_PARAMETER_ASSIGNMENT         ; SLD_STATE_BITS=11                                                         ; --            ; --                             ; auto_signaltap_0 ;
; SLD_NODE_PARAMETER_ASSIGNMENT         ; SLD_BUFFER_FULL_STOP=1                                                    ; --            ; --                             ; auto_signaltap_0 ;
; SLD_NODE_PARAMETER_ASSIGNMENT         ; SLD_CURRENT_RESOURCE_WIDTH=1                                              ; --            ; --                             ; auto_signaltap_0 ;
; SLD_NODE_PARAMETER_ASSIGNMENT         ; SLD_INCREMENTAL_ROUTING=1                                                 ; --            ; --                             ; auto_signaltap_0 ;
; SLD_NODE_PARAMETER_ASSIGNMENT         ; SLD_TRIGGER_LEVEL=1                                                       ; --            ; --                             ; auto_signaltap_0 ;
; SLD_NODE_PARAMETER_ASSIGNMENT         ; SLD_SAMPLE_DEPTH=1024                                                     ; --            ; --                             ; auto_signaltap_0 ;
; SLD_NODE_PARAMETER_ASSIGNMENT         ; SLD_TRIGGER_IN_ENABLED=1                                                  ; --            ; --                             ; auto_signaltap_0 ;
; SLD_NODE_PARAMETER_ASSIGNMENT         ; SLD_ADVANCED_TRIGGER_ENTITY=basic,1,                                      ; --            ; --                             ; auto_signaltap_0 ;
; SLD_NODE_PARAMETER_ASSIGNMENT         ; SLD_TRIGGER_LEVEL_PIPELINE=1                                              ; --            ; --                             ; auto_signaltap_0 ;
; SLD_NODE_PARAMETER_ASSIGNMENT         ; SLD_ENABLE_ADVANCED_TRIGGER=0                                             ; --            ; --                             ; auto_signaltap_0 ;
; SLD_NODE_PARAMETER_ASSIGNMENT         ; SLD_TRIGGER_PIPELINE=0                                                    ; --            ; --                             ; auto_signaltap_0 ;
; SLD_NODE_PARAMETER_ASSIGNMENT         ; SLD_RAM_PIPELINE=0                                                        ; --            ; --                             ; auto_signaltap_0 ;
; SLD_NODE_PARAMETER_ASSIGNMENT         ; SLD_COUNTER_PIPELINE=0                                                    ; --            ; --                             ; auto_signaltap_0 ;
; SOPCINFO_FILE                         ; soc_system/synthesis/../../soc_system.sopcinfo                            ; --            ; --                             ; --               ;
; SYNTHESIS_ONLY_QIP                    ; On                                                                        ; --            ; --                             ; --               ;
; TOP_LEVEL_ENTITY                      ; ghrd_top                                                                  ; soc_system    ; --                             ; --               ;
; USE_DLL_FREQUENCY_FOR_DQS_DELAY_CHAIN ; On                                                                        ; Off           ; --                             ; --               ;
; USE_SIGNALTAP_FILE                    ; cti_tapping.stp                                                           ; --            ; --                             ; --               ;
+---------------------------------------+---------------------------------------------------------------------------+---------------+--------------------------------+------------------+


+--------------------------------------------------------------------------------------------------------------------------+
; Flow Elapsed Time                                                                                                        ;
+----------------------+--------------+-------------------------+---------------------+------------------------------------+
; Module Name          ; Elapsed Time ; Average Processors Used ; Peak Virtual Memory ; Total CPU Time (on all processors) ;
+----------------------+--------------+-------------------------+---------------------+------------------------------------+
; Analysis & Synthesis ; 00:02:16     ; 1.2                     ; 1448 MB             ; 00:02:57                           ;
; Total                ; 00:02:16     ; --                      ; --                  ; 00:02:57                           ;
+----------------------+--------------+-------------------------+---------------------+------------------------------------+


+------------------------------------------------------------------------------------------+
; Flow OS Summary                                                                          ;
+----------------------+------------------+---------------+---------------+----------------+
; Module Name          ; Machine Hostname ; OS Name       ; OS Version    ; Processor type ;
+----------------------+------------------+---------------+---------------+----------------+
; Analysis & Synthesis ; corsi-pc         ; Manjaro Linux ; Manjaro Linux ; x86_64         ;
+----------------------+------------------+---------------+---------------+----------------+


------------
; Flow Log ;
------------
quartus_map --read_settings_files=on --write_settings_files=off soc_system -c soc_system



